Info Hello World
Error This is an error
Debug Testing this case
Debug Testing this case2
Debug Testing this case3
Warning Hello warning
Warning Hello warning2
Warning Hello warning3
Warning Hello warning4
Warning Hello warning5
Debug Testing this case3
Debug Testing this case3
Debug Testing this case4
Error This is a new error
Info Hello World
Info Hello World
Warning Hello warning2
Warning Hello warning2
Warning Hello warning2, nginx 404 /app
Warning Hello warning2, apache 403 /login
Warning Hello warning2, nginx 404 /app
Warning Hello warning2 , apache 403 /login
Warning Hello warning2 , apache 403 /login
Warning Hello warning2 , apache 403 /login
Warning Hello warning2 , apache 403 /login
Warning Hello warning2 , apache 403 /login
Warning Hello warning2 , apache 403 /login
Warning Hello warning2 , apache 403 /login
Warning Hello warning2 , apache 403 /login
Warning Hello warning2 , apache 403 /login
Warning Hello warning2 , apache 403 /login
Warning Hello warning2,apache 403 /login
Info Hello warning2,apache
Info Hello warning2,apache
Info Hello warning2,apache
Info Hello warning2,apache
Info Hello warning2,apache
Info Hello warning2|apache
Info Hello warning2|apache
Info Hello warning2|apache
Info Hello warning2|apache
Info apache Hello worning
Info apache Hello worning
Info apache Hello worning
Info apache Hello worning
Info apache Hello worning
Info apache Hello worning
Info Hello warning,apache
Info Hello warning,apache
Info Hello warning,apache
Info Hello warning,apache
Info Hello warning,apache
Info Hello warning,apache
Info Hello warning2,apache
Info Hello warning2,apache
Info Hello warning2,apache
Info Hello warning2,apache
Info Hello warning,apache
Info Hello warning,apache
Info Hello warning,apache
Info Hello warning,apache
Info Hello warning,apache
Info Hello warning,apache
Info Hello warning,apache
Info Hello warning,apache
Info Hello warning,apache
Info Hello warning,apache
Info Hello warning,apache GET /login 403
Info Hello warning,apache GET /login 200
Info Hello warning,apache GET /login 200
Info Hello warning,apache GET /login 200
Info Hello warning,apache GET /login 401
Info Hello warning,apache GET /signup 200
Info Hello warning,apache GET /login 403
Info Hello warning,apache GET /login 200
Info Hello warning,apache GET /login 200
Info Hello warning,apache GET /login 200
Info Hello warning,apache GET /login 401
Info Hello warning,apache GET /signup 200
Info Hello warning,nginx GET /signup 200
Info Hello warning,apache GET /login 200
Info Hello warning,apache GET /login 200
Info Hello warning,apache GET /login 401
Info Hello warning,apache GET /signup 200
Info Hello warning,nginx GET /signup 200
Info Hello warning,nginx GET /signup 200
Info Hello warning,nginx GET /signup 200
Info Hello warning,nginx GET /signup 200
Info Hello warning,nginx GET /signup 200
Info Hello warning,nginx POST /signup 200
Info Hello warning,nginx POST /signup 200
Info Hello warning,nginx POST /signup 200
Info Hello warning,nginx POST /signup 200
Info Hello warning,nginx POST /signup 200
Warning Hello warning,nginx POST /signup 400
Error Hello warning,nginx POST /signup 404
Error Hello warning,nginx POST /signup 404
Warning Test warning,nginx POST /signup 500
Warning Test warning,nginx GET /signup 500
Warning Test warning,nginx GET /signup 500
Warning Test warning,nginx GET /signup 500